

Microchip MPLAB XC8 Assembler V2.31 build 20201012212115 
                                                                                               Sun Apr 18 14:59:23 2021

Microchip MPLAB XC8 C Compiler v2.31 (Free license) build 20201012212115 Og1 
     1                           	processor	16F887
     2                           	pagewidth 120
     3                           	opt	flic
     4                           	psect	nvBANK0,global,class=BANK0,space=1,delta=1,noexec
     5                           	psect	cinit,global,class=CODE,merge=1,delta=2
     6                           	psect	bssCOMMON,global,class=COMMON,space=1,delta=1,noexec
     7                           	psect	cstackCOMMON,global,class=COMMON,space=1,delta=1,noexec
     8                           	psect	cstackBANK0,global,class=BANK0,space=1,delta=1,noexec
     9                           	psect	maintext,global,class=CODE,split=1,delta=2
    10                           	psect	text1,local,class=CODE,merge=1,delta=2
    11                           	psect	text2,local,class=CODE,merge=1,delta=2
    12                           	psect	text3,local,class=CODE,merge=1,delta=2
    13                           	psect	text4,local,class=CODE,merge=1,delta=2
    14                           	psect	text5,local,class=CODE,merge=1,delta=2,group=1
    15                           	psect	text6,local,class=CODE,merge=1,delta=2
    16                           	psect	text7,local,class=CODE,merge=1,delta=2,group=1
    17                           	psect	text8,local,class=CODE,merge=1,delta=2
    18                           	psect	intentry,global,class=CODE,delta=2
    19                           	psect	config,global,abs,ovrld,class=CONFIG,space=4,delta=2,noexec
    20                           	dabs	1,0x7E,2
    21  0000                     
    22                           ; Version 2.20
    23                           ; Generated 12/02/2020 GMT
    24                           ; 
    25                           ; Copyright © 2020, Microchip Technology Inc. and its subsidiaries ("Microchip")
    26                           ; All rights reserved.
    27                           ; 
    28                           ; This software is developed by Microchip Technology Inc. and its subsidiaries ("Microch
      +                          ip").
    29                           ; 
    30                           ; Redistribution and use in source and binary forms, with or without modification, are
    31                           ; permitted provided that the following conditions are met:
    32                           ; 
    33                           ;     1. Redistributions of source code must retain the above copyright notice, this lis
      +                          t of
    34                           ;        conditions and the following disclaimer.
    35                           ; 
    36                           ;     2. Redistributions in binary form must reproduce the above copyright notice, this 
      +                          list
    37                           ;        of conditions and the following disclaimer in the documentation and/or other
    38                           ;        materials provided with the distribution.
    39                           ; 
    40                           ;     3. Microchip's name may not be used to endorse or promote products derived from th
      +                          is
    41                           ;        software without specific prior written permission.
    42                           ; 
    43                           ; THIS SOFTWARE IS PROVIDED BY MICROCHIP "AS IS" AND ANY EXPRESS OR IMPLIED WARRANTIES,
    44                           ; INCLUDING, BUT NOT LIMITED TO, THE IMPLIED WARRANTIES OF MERCHANTABILITY AND FITNESS F
      +                          OR
    45                           ; PURPOSE ARE DISCLAIMED.  IN NO EVENT SHALL MICROCHIP BE LIABLE FOR ANY DIRECT, INDIREC
      +                          T,
    46                           ; INCIDENTAL, SPECIAL, EXEMPLARY, OR CONSEQUENTIAL DAMAGES (INCLUDING BUT NOT LIMITED TO
    47                           ; PROCUREMENT OF SUBSTITUTE GOODS OR SERVICES; LOSS OF USE, DATA OR PROFITS; OR BUSINESS
    48                           ; INTERRUPTION) HOWSOEVER CAUSED AND ON ANY THEORY OF LIABILITY, WHETHER IN CONTRACT, ST
      +                          RICT
    49                           ; LIABILITY, OR TORT (INCLUDING NEGLIGENCE OR OTHERWISE) ARISING IN ANY WAY OUT OF THE U
      +                          SE OF
    50                           ; THIS SOFTWARE, EVEN IF ADVISED OF THE POSSIBILITY OF SUCH DAMAGE.
    51                           ; 
    52                           ; 
    53                           ; Code-generator required, PIC16F887 Definitions
    54                           ; 
    55                           ; SFR Addresses
    56  0000                     	;# 
    57  0001                     	;# 
    58  0002                     	;# 
    59  0003                     	;# 
    60  0004                     	;# 
    61  0005                     	;# 
    62  0006                     	;# 
    63  0007                     	;# 
    64  0008                     	;# 
    65  0009                     	;# 
    66  000A                     	;# 
    67  000B                     	;# 
    68  000C                     	;# 
    69  000D                     	;# 
    70  000E                     	;# 
    71  000E                     	;# 
    72  000F                     	;# 
    73  0010                     	;# 
    74  0011                     	;# 
    75  0012                     	;# 
    76  0013                     	;# 
    77  0014                     	;# 
    78  0015                     	;# 
    79  0015                     	;# 
    80  0016                     	;# 
    81  0017                     	;# 
    82  0018                     	;# 
    83  0019                     	;# 
    84  001A                     	;# 
    85  001B                     	;# 
    86  001B                     	;# 
    87  001C                     	;# 
    88  001D                     	;# 
    89  001E                     	;# 
    90  001F                     	;# 
    91  0081                     	;# 
    92  0085                     	;# 
    93  0086                     	;# 
    94  0087                     	;# 
    95  0088                     	;# 
    96  0089                     	;# 
    97  008C                     	;# 
    98  008D                     	;# 
    99  008E                     	;# 
   100  008F                     	;# 
   101  0090                     	;# 
   102  0091                     	;# 
   103  0092                     	;# 
   104  0093                     	;# 
   105  0093                     	;# 
   106  0093                     	;# 
   107  0094                     	;# 
   108  0095                     	;# 
   109  0096                     	;# 
   110  0097                     	;# 
   111  0098                     	;# 
   112  0099                     	;# 
   113  009A                     	;# 
   114  009B                     	;# 
   115  009C                     	;# 
   116  009D                     	;# 
   117  009E                     	;# 
   118  009F                     	;# 
   119  0105                     	;# 
   120  0107                     	;# 
   121  0108                     	;# 
   122  0109                     	;# 
   123  010C                     	;# 
   124  010C                     	;# 
   125  010D                     	;# 
   126  010E                     	;# 
   127  010F                     	;# 
   128  0185                     	;# 
   129  0187                     	;# 
   130  0188                     	;# 
   131  0189                     	;# 
   132  018C                     	;# 
   133  018D                     	;# 
   134  0000                     	;# 
   135  0001                     	;# 
   136  0002                     	;# 
   137  0003                     	;# 
   138  0004                     	;# 
   139  0005                     	;# 
   140  0006                     	;# 
   141  0007                     	;# 
   142  0008                     	;# 
   143  0009                     	;# 
   144  000A                     	;# 
   145  000B                     	;# 
   146  000C                     	;# 
   147  000D                     	;# 
   148  000E                     	;# 
   149  000E                     	;# 
   150  000F                     	;# 
   151  0010                     	;# 
   152  0011                     	;# 
   153  0012                     	;# 
   154  0013                     	;# 
   155  0014                     	;# 
   156  0015                     	;# 
   157  0015                     	;# 
   158  0016                     	;# 
   159  0017                     	;# 
   160  0018                     	;# 
   161  0019                     	;# 
   162  001A                     	;# 
   163  001B                     	;# 
   164  001B                     	;# 
   165  001C                     	;# 
   166  001D                     	;# 
   167  001E                     	;# 
   168  001F                     	;# 
   169  0081                     	;# 
   170  0085                     	;# 
   171  0086                     	;# 
   172  0087                     	;# 
   173  0088                     	;# 
   174  0089                     	;# 
   175  008C                     	;# 
   176  008D                     	;# 
   177  008E                     	;# 
   178  008F                     	;# 
   179  0090                     	;# 
   180  0091                     	;# 
   181  0092                     	;# 
   182  0093                     	;# 
   183  0093                     	;# 
   184  0093                     	;# 
   185  0094                     	;# 
   186  0095                     	;# 
   187  0096                     	;# 
   188  0097                     	;# 
   189  0098                     	;# 
   190  0099                     	;# 
   191  009A                     	;# 
   192  009B                     	;# 
   193  009C                     	;# 
   194  009D                     	;# 
   195  009E                     	;# 
   196  009F                     	;# 
   197  0105                     	;# 
   198  0107                     	;# 
   199  0108                     	;# 
   200  0109                     	;# 
   201  010C                     	;# 
   202  010C                     	;# 
   203  010D                     	;# 
   204  010E                     	;# 
   205  010F                     	;# 
   206  0185                     	;# 
   207  0187                     	;# 
   208  0188                     	;# 
   209  0189                     	;# 
   210  018C                     	;# 
   211  018D                     	;# 
   212                           
   213                           	psect	nvBANK0
   214  0034                     __pnvBANK0:
   215  0034                     _display3:
   216  0034                     	ds	2
   217  0036                     _display2:
   218  0036                     	ds	2
   219  0038                     _display1:
   220  0038                     	ds	2
   221  0005                     _PORTA	set	5
   222  0007                     _PORTC	set	7
   223  0009                     _PORTE	set	9
   224  0001                     _TMR0	set	1
   225  0008                     _PORTD	set	8
   226  0006                     _PORTBbits	set	6
   227  000B                     _INTCONbits	set	11
   228  0096                     _IOCBbits	set	150
   229  0095                     _WPUBbits	set	149
   230  0081                     _OPTION_REGbits	set	129
   231  008F                     _OSCCONbits	set	143
   232  0089                     _TRISE	set	137
   233  0088                     _TRISD	set	136
   234  0087                     _TRISC	set	135
   235  0086                     _TRISB	set	134
   236  0085                     _TRISA	set	133
   237  0189                     _ANSELH	set	393
   238  0188                     _ANSEL	set	392
   239                           
   240                           	psect	cinit
   241  000F                     start_initialization:	
   242                           ; #config settings
   243                           
   244  000F                     __initialization:
   245                           
   246                           ; Clear objects allocated to COMMON
   247  000F  01F9               	clrf	__pbssCOMMON& (0+127)
   248  0010  01FA               	clrf	(__pbssCOMMON+1)& (0+127)
   249  0011                     end_of_initialization:	
   250                           ;End of C runtime variable initialization code
   251                           
   252  0011                     __end_of__initialization:
   253  0011  0183               	clrf	3
   254  0012  120A  118A  2815   	ljmp	_main	;jump to C main() function
   255                           
   256                           	psect	bssCOMMON
   257  0079                     __pbssCOMMON:
   258  0079                     _d:
   259  0079                     	ds	2
   260                           
   261                           	psect	cstackCOMMON
   262  0070                     __pcstackCOMMON:
   263  0070                     ?_setup:
   264  0070                     ?_Interrupciones:	
   265                           ; 1 bytes @ 0x0
   266                           
   267  0070                     ??_Interrupciones:	
   268                           ; 1 bytes @ 0x0
   269                           
   270  0070                     ?_main:	
   271                           ; 1 bytes @ 0x0
   272                           
   273                           
   274                           ; 1 bytes @ 0x0
   275  0070                     	ds	3
   276  0073                     ??_setup:
   277  0073                     ?_valor:	
   278                           ; 1 bytes @ 0x3
   279                           
   280  0073                     ?___wmul:	
   281                           ; 2 bytes @ 0x3
   282                           
   283  0073                     ?___awdiv:	
   284                           ; 2 bytes @ 0x3
   285                           
   286  0073                     valor@a:	
   287                           ; 2 bytes @ 0x3
   288                           
   289  0073                     ___wmul@multiplier:	
   290                           ; 2 bytes @ 0x3
   291                           
   292  0073                     ___awdiv@divisor:	
   293                           ; 2 bytes @ 0x3
   294                           
   295                           
   296                           ; 2 bytes @ 0x3
   297  0073                     	ds	2
   298  0075                     ??_valor:
   299  0075                     valor@display:	
   300                           ; 1 bytes @ 0x5
   301                           
   302  0075                     ___wmul@multiplicand:	
   303                           ; 2 bytes @ 0x5
   304                           
   305  0075                     ___awdiv@dividend:	
   306                           ; 2 bytes @ 0x5
   307                           
   308                           
   309                           ; 2 bytes @ 0x5
   310  0075                     	ds	2
   311  0077                     ??___wmul:
   312  0077                     ??___awdiv:	
   313                           ; 1 bytes @ 0x7
   314                           
   315  0077                     ___wmul@product:	
   316                           ; 1 bytes @ 0x7
   317                           
   318                           
   319                           ; 2 bytes @ 0x7
   320  0077                     	ds	1
   321  0078                     ??_centena:
   322                           
   323                           ; 1 bytes @ 0x8
   324  0078                     	ds	1
   325  0079                     ??_decena:
   326  0079                     ??_unidad:	
   327                           ; 1 bytes @ 0x9
   328                           
   329                           
   330                           	psect	cstackBANK0
   331  0020                     __pcstackBANK0:	
   332                           ; 1 bytes @ 0x9
   333                           
   334  0020                     ___awdiv@counter:
   335                           
   336                           ; 1 bytes @ 0x0
   337  0020                     	ds	1
   338  0021                     ___awdiv@sign:
   339                           
   340                           ; 1 bytes @ 0x1
   341  0021                     	ds	1
   342  0022                     ___awdiv@quotient:
   343                           
   344                           ; 2 bytes @ 0x2
   345  0022                     	ds	2
   346  0024                     ?_centena:
   347  0024                     ?_decena:	
   348                           ; 2 bytes @ 0x4
   349                           
   350  0024                     ?_unidad:	
   351                           ; 2 bytes @ 0x4
   352                           
   353  0024                     centena@a:	
   354                           ; 2 bytes @ 0x4
   355                           
   356  0024                     decena@a:	
   357                           ; 2 bytes @ 0x4
   358                           
   359  0024                     unidad@a:	
   360                           ; 2 bytes @ 0x4
   361                           
   362                           
   363                           ; 2 bytes @ 0x4
   364  0024                     	ds	2
   365  0026                     centena@b:
   366  0026                     decena@dec:	
   367                           ; 2 bytes @ 0x6
   368                           
   369  0026                     unidad@un:	
   370                           ; 2 bytes @ 0x6
   371                           
   372                           
   373                           ; 2 bytes @ 0x6
   374  0026                     	ds	2
   375  0028                     decena@cent:
   376  0028                     unidad@cent:	
   377                           ; 2 bytes @ 0x8
   378                           
   379                           
   380                           ; 2 bytes @ 0x8
   381  0028                     	ds	2
   382  002A                     unidad@dec:
   383                           
   384                           ; 2 bytes @ 0xA
   385  002A                     	ds	2
   386  002C                     ??_main:
   387                           
   388                           ; 1 bytes @ 0xC
   389  002C                     	ds	2
   390  002E                     main@cent:
   391                           
   392                           ; 2 bytes @ 0xE
   393  002E                     	ds	2
   394  0030                     main@dec:
   395                           
   396                           ; 2 bytes @ 0x10
   397  0030                     	ds	2
   398  0032                     main@un:
   399                           
   400                           ; 2 bytes @ 0x12
   401  0032                     	ds	2
   402                           
   403                           	psect	maintext
   404  0015                     __pmaintext:	
   405 ;;
   406 ;;Main: autosize = 0, tempsize = 2, incstack = 0, save=0
   407 ;;
   408 ;; *************** function _main *****************
   409 ;; Defined at:
   410 ;;		line 90 in file "main.c"
   411 ;; Parameters:    Size  Location     Type
   412 ;;		None
   413 ;; Auto vars:     Size  Location     Type
   414 ;;  un              2   18[BANK0 ] int 
   415 ;;  dec             2   16[BANK0 ] int 
   416 ;;  cent            2   14[BANK0 ] int 
   417 ;; Return value:  Size  Location     Type
   418 ;;                  1    wreg      void 
   419 ;; Registers used:
   420 ;;		wreg, fsr0l, fsr0h, status,2, status,0, pclath, cstack
   421 ;; Tracked objects:
   422 ;;		On entry : B00/0
   423 ;;		On exit  : 0/0
   424 ;;		Unchanged: 0/0
   425 ;; Data sizes:     COMMON   BANK0   BANK1   BANK3   BANK2
   426 ;;      Params:         0       0       0       0       0
   427 ;;      Locals:         0       6       0       0       0
   428 ;;      Temps:          0       2       0       0       0
   429 ;;      Totals:         0       8       0       0       0
   430 ;;Total ram usage:        8 bytes
   431 ;; Hardware stack levels required when called:    3
   432 ;; This function calls:
   433 ;;		_centena
   434 ;;		_decena
   435 ;;		_setup
   436 ;;		_unidad
   437 ;;		_valor
   438 ;; This function is called by:
   439 ;;		Startup code after reset
   440 ;; This function uses a non-reentrant model
   441 ;;
   442                           
   443                           
   444                           ;psect for function _main
   445  0015                     _main:
   446  0015                     l1205:	
   447                           ;incstack = 0
   448                           ; Regs used in _main: [wreg-fsr0h+status,2+status,0+pclath+cstack]
   449                           
   450                           
   451                           ;main.c: 91:     OSCCONbits.IRCF2 = 1;
   452  0015  120A  118A  2246  120A  118A  	fcall	_setup
   453  001A                     l73:	
   454                           ;main.c: 95: 
   455                           
   456                           
   457                           ;main.c: 96: ;main.c: 97:     OPTION_REGbits.T0CS = 0;
   458  001A  1283               	bcf	3,5	;RP0=0, select bank0
   459  001B  1303               	bcf	3,6	;RP1=0, select bank0
   460  001C  0808               	movf	8,w	;volatile
   461  001D  00AC               	movwf	??_main
   462  001E  01AD               	clrf	??_main+1
   463  001F  082C               	movf	??_main,w
   464  0020  00A4               	movwf	centena@a
   465  0021  082D               	movf	??_main+1,w
   466  0022  00A5               	movwf	centena@a+1
   467  0023  120A  118A  2299  120A  118A  	fcall	_centena
   468  0028  1283               	bcf	3,5	;RP0=0, select bank0
   469  0029  1303               	bcf	3,6	;RP1=0, select bank0
   470  002A  0825               	movf	?_centena+1,w
   471  002B  00AF               	movwf	main@cent+1
   472  002C  0824               	movf	?_centena,w
   473  002D  00AE               	movwf	main@cent
   474                           
   475                           ;main.c: 98:     OPTION_REGbits.PSA = 0;
   476  002E  0808               	movf	8,w	;volatile
   477  002F  00AC               	movwf	??_main
   478  0030  01AD               	clrf	??_main+1
   479  0031  082C               	movf	??_main,w
   480  0032  00A4               	movwf	decena@a
   481  0033  082D               	movf	??_main+1,w
   482  0034  00A5               	movwf	decena@a+1
   483  0035  120A  118A  21FE  120A  118A  	fcall	_decena
   484  003A  1283               	bcf	3,5	;RP0=0, select bank0
   485  003B  1303               	bcf	3,6	;RP1=0, select bank0
   486  003C  0825               	movf	?_decena+1,w
   487  003D  00B1               	movwf	main@dec+1
   488  003E  0824               	movf	?_decena,w
   489  003F  00B0               	movwf	main@dec
   490                           
   491                           ;main.c: 99:     OPTION_REGbits.PS2 = 1;
   492  0040  0808               	movf	8,w	;volatile
   493  0041  00AC               	movwf	??_main
   494  0042  01AD               	clrf	??_main+1
   495  0043  082C               	movf	??_main,w
   496  0044  00A4               	movwf	unidad@a
   497  0045  082D               	movf	??_main+1,w
   498  0046  00A5               	movwf	unidad@a+1
   499  0047  120A  118A  20EC  120A  118A  	fcall	_unidad
   500  004C  1283               	bcf	3,5	;RP0=0, select bank0
   501  004D  1303               	bcf	3,6	;RP1=0, select bank0
   502  004E  0825               	movf	?_unidad+1,w
   503  004F  00B3               	movwf	main@un+1
   504  0050  0824               	movf	?_unidad,w
   505  0051  00B2               	movwf	main@un
   506  0052                     l1207:
   507                           
   508                           ;main.c: 101:     OPTION_REGbits.PS0 = 1;
   509  0052  082F               	movf	main@cent+1,w
   510  0053  00F4               	movwf	valor@a+1
   511  0054  082E               	movf	main@cent,w
   512  0055  00F3               	movwf	valor@a
   513  0056  120A  118A  214F  120A  118A  	fcall	_valor
   514  005B  0874               	movf	?_valor+1,w
   515  005C  1283               	bcf	3,5	;RP0=0, select bank0
   516  005D  1303               	bcf	3,6	;RP1=0, select bank0
   517  005E  00B9               	movwf	_display1+1
   518  005F  0873               	movf	?_valor,w
   519  0060  00B8               	movwf	_display1
   520  0061                     l1209:
   521                           
   522                           ;main.c: 102:     TMR0 = 178;
   523  0061  0831               	movf	main@dec+1,w
   524  0062  00F4               	movwf	valor@a+1
   525  0063  0830               	movf	main@dec,w
   526  0064  00F3               	movwf	valor@a
   527  0065  120A  118A  214F  120A  118A  	fcall	_valor
   528  006A  0874               	movf	?_valor+1,w
   529  006B  1283               	bcf	3,5	;RP0=0, select bank0
   530  006C  1303               	bcf	3,6	;RP1=0, select bank0
   531  006D  00B7               	movwf	_display2+1
   532  006E  0873               	movf	?_valor,w
   533  006F  00B6               	movwf	_display2
   534  0070                     l1211:
   535                           
   536                           ;main.c: 103: 
   537  0070  0833               	movf	main@un+1,w
   538  0071  00F4               	movwf	valor@a+1
   539  0072  0832               	movf	main@un,w
   540  0073  00F3               	movwf	valor@a
   541  0074  120A  118A  214F  120A  118A  	fcall	_valor
   542  0079  0874               	movf	?_valor+1,w
   543  007A  1283               	bcf	3,5	;RP0=0, select bank0
   544  007B  1303               	bcf	3,6	;RP1=0, select bank0
   545  007C  00B5               	movwf	_display3+1
   546  007D  0873               	movf	?_valor,w
   547  007E  00B4               	movwf	_display3
   548  007F  281A               	goto	l73
   549  0080  120A  118A  280C   	ljmp	start
   550  0083                     __end_of_main:
   551                           
   552                           	psect	text1
   553  014F                     __ptext1:	
   554 ;; *************** function _valor *****************
   555 ;; Defined at:
   556 ;;		line 187 in file "main.c"
   557 ;; Parameters:    Size  Location     Type
   558 ;;  a               2    3[COMMON] int 
   559 ;; Auto vars:     Size  Location     Type
   560 ;;  display         2    5[COMMON] int 
   561 ;; Return value:  Size  Location     Type
   562 ;;                  2    3[COMMON] int 
   563 ;; Registers used:
   564 ;;		wreg, fsr0l, fsr0h, status,2, status,0
   565 ;; Tracked objects:
   566 ;;		On entry : 0/0
   567 ;;		On exit  : 0/0
   568 ;;		Unchanged: 0/0
   569 ;; Data sizes:     COMMON   BANK0   BANK1   BANK3   BANK2
   570 ;;      Params:         2       0       0       0       0
   571 ;;      Locals:         2       0       0       0       0
   572 ;;      Temps:          0       0       0       0       0
   573 ;;      Totals:         4       0       0       0       0
   574 ;;Total ram usage:        4 bytes
   575 ;; Hardware stack levels used:    1
   576 ;; Hardware stack levels required when called:    1
   577 ;; This function calls:
   578 ;;		Nothing
   579 ;; This function is called by:
   580 ;;		_main
   581 ;; This function uses a non-reentrant model
   582 ;;
   583                           
   584                           
   585                           ;psect for function _valor
   586  014F                     _valor:
   587  014F                     l1079:	
   588                           ;incstack = 0
   589                           ; Regs used in _valor: [wreg-fsr0h+status,2+status,0]
   590                           
   591  014F  2982               	goto	l1103
   592  0150                     l1081:
   593  0150  303F               	movlw	63
   594  0151  00F5               	movwf	valor@display
   595  0152  3000               	movlw	0
   596  0153  00F6               	movwf	valor@display+1
   597  0154  29A7               	goto	l1105
   598  0155                     l1083:
   599  0155  3006               	movlw	6
   600  0156  00F5               	movwf	valor@display
   601  0157  3000               	movlw	0
   602  0158  00F6               	movwf	valor@display+1
   603  0159  29A7               	goto	l1105
   604  015A                     l1085:
   605  015A  305B               	movlw	91
   606  015B  00F5               	movwf	valor@display
   607  015C  3000               	movlw	0
   608  015D  00F6               	movwf	valor@display+1
   609  015E  29A7               	goto	l1105
   610  015F                     l1087:
   611  015F  304F               	movlw	79
   612  0160  00F5               	movwf	valor@display
   613  0161  3000               	movlw	0
   614  0162  00F6               	movwf	valor@display+1
   615  0163  29A7               	goto	l1105
   616  0164                     l1089:
   617  0164  3066               	movlw	102
   618  0165  00F5               	movwf	valor@display
   619  0166  3000               	movlw	0
   620  0167  00F6               	movwf	valor@display+1
   621  0168  29A7               	goto	l1105
   622  0169                     l1091:
   623  0169  306D               	movlw	109
   624  016A  00F5               	movwf	valor@display
   625  016B  3000               	movlw	0
   626  016C  00F6               	movwf	valor@display+1
   627  016D  29A7               	goto	l1105
   628  016E                     l1093:
   629  016E  307D               	movlw	125
   630  016F  00F5               	movwf	valor@display
   631  0170  3000               	movlw	0
   632  0171  00F6               	movwf	valor@display+1
   633  0172  29A7               	goto	l1105
   634  0173                     l1095:
   635  0173  3007               	movlw	7
   636  0174  00F5               	movwf	valor@display
   637  0175  3000               	movlw	0
   638  0176  00F6               	movwf	valor@display+1
   639  0177  29A7               	goto	l1105
   640  0178                     l1097:
   641  0178  307F               	movlw	127
   642  0179  00F5               	movwf	valor@display
   643  017A  3000               	movlw	0
   644  017B  00F6               	movwf	valor@display+1
   645  017C  29A7               	goto	l1105
   646  017D                     l1099:
   647  017D  3067               	movlw	103
   648  017E  00F5               	movwf	valor@display
   649  017F  3000               	movlw	0
   650  0180  00F6               	movwf	valor@display+1
   651  0181  29A7               	goto	l1105
   652  0182                     l1103:
   653                           
   654                           ; Switch on 2 bytes has been partitioned into a top level switch of size 1, and 1 sub-sw
      +                          itches
   655                           ; Switch size 1, requested type "simple"
   656                           ; Number of cases is 1, Range of values is 0 to 0
   657                           ; switch strategies available:
   658                           ; Name         Instructions Cycles
   659                           ; simple_byte            4     3 (average)
   660                           ; direct_byte           11     8 (fixed)
   661                           ; jumptable            260     6 (fixed)
   662                           ;	Chosen strategy is simple_byte
   663  0182  0874               	movf	valor@a+1,w
   664  0183  3A00               	xorlw	0	; case 0
   665  0184  1903               	skipnz
   666  0185  2987               	goto	l1233
   667  0186  29A7               	goto	l1105
   668  0187                     l1233:
   669                           
   670                           ; Switch size 1, requested type "simple"
   671                           ; Number of cases is 10, Range of values is 0 to 9
   672                           ; switch strategies available:
   673                           ; Name         Instructions Cycles
   674                           ; simple_byte           31    16 (average)
   675                           ; direct_byte           38     8 (fixed)
   676                           ; jumptable            260     6 (fixed)
   677                           ;	Chosen strategy is simple_byte
   678  0187  0873               	movf	valor@a,w
   679  0188  3A00               	xorlw	0	; case 0
   680  0189  1903               	skipnz
   681  018A  2950               	goto	l1081
   682  018B  3A01               	xorlw	1	; case 1
   683  018C  1903               	skipnz
   684  018D  2955               	goto	l1083
   685  018E  3A03               	xorlw	3	; case 2
   686  018F  1903               	skipnz
   687  0190  295A               	goto	l1085
   688  0191  3A01               	xorlw	1	; case 3
   689  0192  1903               	skipnz
   690  0193  295F               	goto	l1087
   691  0194  3A07               	xorlw	7	; case 4
   692  0195  1903               	skipnz
   693  0196  2964               	goto	l1089
   694  0197  3A01               	xorlw	1	; case 5
   695  0198  1903               	skipnz
   696  0199  2969               	goto	l1091
   697  019A  3A03               	xorlw	3	; case 6
   698  019B  1903               	skipnz
   699  019C  296E               	goto	l1093
   700  019D  3A01               	xorlw	1	; case 7
   701  019E  1903               	skipnz
   702  019F  2973               	goto	l1095
   703  01A0  3A0F               	xorlw	15	; case 8
   704  01A1  1903               	skipnz
   705  01A2  2978               	goto	l1097
   706  01A3  3A01               	xorlw	1	; case 9
   707  01A4  1903               	skipnz
   708  01A5  297D               	goto	l1099
   709  01A6  29A7               	goto	l1105
   710  01A7                     l1105:
   711  01A7  0876               	movf	valor@display+1,w
   712  01A8  00F4               	movwf	?_valor+1
   713  01A9  0875               	movf	valor@display,w
   714  01AA  00F3               	movwf	?_valor
   715  01AB                     l103:
   716  01AB  0008               	return
   717  01AC                     __end_of_valor:
   718                           
   719                           	psect	text2
   720  00EC                     __ptext2:	
   721 ;; *************** function _unidad *****************
   722 ;; Defined at:
   723 ;;		line 177 in file "main.c"
   724 ;; Parameters:    Size  Location     Type
   725 ;;  a               2    4[BANK0 ] int 
   726 ;; Auto vars:     Size  Location     Type
   727 ;;  dec             2   10[BANK0 ] int 
   728 ;;  cent            2    8[BANK0 ] int 
   729 ;;  un              2    6[BANK0 ] int 
   730 ;; Return value:  Size  Location     Type
   731 ;;                  2    4[BANK0 ] int 
   732 ;; Registers used:
   733 ;;		wreg, status,2, status,0, pclath, cstack
   734 ;; Tracked objects:
   735 ;;		On entry : 0/0
   736 ;;		On exit  : 0/0
   737 ;;		Unchanged: 0/0
   738 ;; Data sizes:     COMMON   BANK0   BANK1   BANK3   BANK2
   739 ;;      Params:         0       2       0       0       0
   740 ;;      Locals:         0       6       0       0       0
   741 ;;      Temps:          0       0       0       0       0
   742 ;;      Totals:         0       8       0       0       0
   743 ;;Total ram usage:        8 bytes
   744 ;; Hardware stack levels used:    1
   745 ;; Hardware stack levels required when called:    2
   746 ;; This function calls:
   747 ;;		___awdiv
   748 ;;		___wmul
   749 ;; This function is called by:
   750 ;;		_main
   751 ;; This function uses a non-reentrant model
   752 ;;
   753                           
   754                           
   755                           ;psect for function _unidad
   756  00EC                     _unidad:
   757  00EC                     l1191:	
   758                           ;incstack = 0
   759                           ; Regs used in _unidad: [wreg+status,2+status,0+pclath+cstack]
   760                           
   761                           
   762                           ;main.c: 178:             break;
   763  00EC  3064               	movlw	100
   764  00ED  00F3               	movwf	___awdiv@divisor
   765  00EE  3000               	movlw	0
   766  00EF  00F4               	movwf	___awdiv@divisor+1
   767  00F0  1283               	bcf	3,5	;RP0=0, select bank0
   768  00F1  1303               	bcf	3,6	;RP1=0, select bank0
   769  00F2  0825               	movf	unidad@a+1,w
   770  00F3  00F6               	movwf	___awdiv@dividend+1
   771  00F4  0824               	movf	unidad@a,w
   772  00F5  00F5               	movwf	___awdiv@dividend
   773  00F6  120A  118A  2083  120A  118A  	fcall	___awdiv
   774  00FB  0874               	movf	?___awdiv+1,w
   775  00FC  1283               	bcf	3,5	;RP0=0, select bank0
   776  00FD  1303               	bcf	3,6	;RP1=0, select bank0
   777  00FE  00A9               	movwf	unidad@cent+1
   778  00FF  0873               	movf	?___awdiv,w
   779  0100  00A8               	movwf	unidad@cent
   780                           
   781                           ;main.c: 179:         case 9:
   782  0101  0829               	movf	unidad@cent+1,w
   783  0102  00F4               	movwf	___wmul@multiplier+1
   784  0103  0828               	movf	unidad@cent,w
   785  0104  00F3               	movwf	___wmul@multiplier
   786  0105  3064               	movlw	100
   787  0106  00F5               	movwf	___wmul@multiplicand
   788  0107  3000               	movlw	0
   789  0108  00F6               	movwf	___wmul@multiplicand+1
   790  0109  120A  118A  2274  120A  118A  	fcall	___wmul
   791  010E  0874               	movf	?___wmul+1,w
   792  010F  1283               	bcf	3,5	;RP0=0, select bank0
   793  0110  1303               	bcf	3,6	;RP1=0, select bank0
   794  0111  00A9               	movwf	unidad@cent+1
   795  0112  0873               	movf	?___wmul,w
   796  0113  00A8               	movwf	unidad@cent
   797  0114                     l1193:
   798                           
   799                           ;main.c: 180:             display = 0x67;
   800  0114  0828               	movf	unidad@cent,w
   801  0115  0224               	subwf	unidad@a,w
   802  0116  00A4               	movwf	unidad@a
   803  0117  0829               	movf	unidad@cent+1,w
   804  0118  1C03               	skipc
   805  0119  0A29               	incf	unidad@cent+1,w
   806  011A  0225               	subwf	unidad@a+1,w
   807  011B  00A5               	movwf	unidad@a+1
   808  011C                     l1195:
   809                           
   810                           ;main.c: 181:             break;
   811  011C  300A               	movlw	10
   812  011D  00F3               	movwf	___awdiv@divisor
   813  011E  3000               	movlw	0
   814  011F  00F4               	movwf	___awdiv@divisor+1
   815  0120  0825               	movf	unidad@a+1,w
   816  0121  00F6               	movwf	___awdiv@dividend+1
   817  0122  0824               	movf	unidad@a,w
   818  0123  00F5               	movwf	___awdiv@dividend
   819  0124  120A  118A  2083  120A  118A  	fcall	___awdiv
   820  0129  0874               	movf	?___awdiv+1,w
   821  012A  1283               	bcf	3,5	;RP0=0, select bank0
   822  012B  1303               	bcf	3,6	;RP1=0, select bank0
   823  012C  00AB               	movwf	unidad@dec+1
   824  012D  0873               	movf	?___awdiv,w
   825  012E  00AA               	movwf	unidad@dec
   826  012F                     l1197:
   827                           
   828                           ;main.c: 182:     }
   829  012F  082B               	movf	unidad@dec+1,w
   830  0130  00F4               	movwf	___wmul@multiplier+1
   831  0131  082A               	movf	unidad@dec,w
   832  0132  00F3               	movwf	___wmul@multiplier
   833  0133  300A               	movlw	10
   834  0134  00F5               	movwf	___wmul@multiplicand
   835  0135  3000               	movlw	0
   836  0136  00F6               	movwf	___wmul@multiplicand+1
   837  0137  120A  118A  2274  120A  118A  	fcall	___wmul
   838  013C  0874               	movf	?___wmul+1,w
   839  013D  1283               	bcf	3,5	;RP0=0, select bank0
   840  013E  1303               	bcf	3,6	;RP1=0, select bank0
   841  013F  00AB               	movwf	unidad@dec+1
   842  0140  0873               	movf	?___wmul,w
   843  0141  00AA               	movwf	unidad@dec
   844  0142                     l1199:
   845                           
   846                           ;main.c: 183:     return display;
   847  0142  082A               	movf	unidad@dec,w
   848  0143  0224               	subwf	unidad@a,w
   849  0144  00A6               	movwf	unidad@un
   850  0145  082B               	movf	unidad@dec+1,w
   851  0146  1C03               	skipc
   852  0147  0A2B               	incf	unidad@dec+1,w
   853  0148  0225               	subwf	unidad@a+1,w
   854  0149  00A7               	movwf	unidad@un+1
   855  014A                     l1201:
   856                           
   857                           ;main.c: 184: }
   858  014A  0827               	movf	unidad@un+1,w
   859  014B  00A5               	movwf	?_unidad+1
   860  014C  0826               	movf	unidad@un,w
   861  014D  00A4               	movwf	?_unidad
   862  014E                     l88:
   863  014E  0008               	return
   864  014F                     __end_of_unidad:
   865                           
   866                           	psect	text3
   867  0246                     __ptext3:	
   868 ;; *************** function _setup *****************
   869 ;; Defined at:
   870 ;;		line 112 in file "main.c"
   871 ;; Parameters:    Size  Location     Type
   872 ;;		None
   873 ;; Auto vars:     Size  Location     Type
   874 ;;		None
   875 ;; Return value:  Size  Location     Type
   876 ;;                  1    wreg      void 
   877 ;; Registers used:
   878 ;;		wreg, status,2
   879 ;; Tracked objects:
   880 ;;		On entry : 0/0
   881 ;;		On exit  : 0/0
   882 ;;		Unchanged: 0/0
   883 ;; Data sizes:     COMMON   BANK0   BANK1   BANK3   BANK2
   884 ;;      Params:         0       0       0       0       0
   885 ;;      Locals:         0       0       0       0       0
   886 ;;      Temps:          0       0       0       0       0
   887 ;;      Totals:         0       0       0       0       0
   888 ;;Total ram usage:        0 bytes
   889 ;; Hardware stack levels used:    1
   890 ;; Hardware stack levels required when called:    1
   891 ;; This function calls:
   892 ;;		Nothing
   893 ;; This function is called by:
   894 ;;		_main
   895 ;; This function uses a non-reentrant model
   896 ;;
   897                           
   898                           
   899                           ;psect for function _setup
   900  0246                     _setup:
   901  0246                     l993:	
   902                           ;incstack = 0
   903                           ; Regs used in _setup: [wreg+status,2]
   904                           
   905                           
   906                           ;main.c: 114:     WPUBbits.WPUB1 = 1;
   907  0246  1683               	bsf	3,5	;RP0=1, select bank3
   908  0247  1703               	bsf	3,6	;RP1=1, select bank3
   909  0248  0188               	clrf	8	;volatile
   910                           
   911                           ;main.c: 115: 
   912  0249  0189               	clrf	9	;volatile
   913                           
   914                           ;main.c: 117:     IOCBbits.IOCB0 = 1;
   915  024A  1683               	bsf	3,5	;RP0=1, select bank1
   916  024B  1303               	bcf	3,6	;RP1=0, select bank1
   917  024C  0185               	clrf	5	;volatile
   918  024D                     l995:
   919                           
   920                           ;main.c: 118:     IOCBbits.IOCB1 = 1;
   921  024D  30FF               	movlw	255
   922  024E  0086               	movwf	6	;volatile
   923  024F                     l997:
   924                           
   925                           ;main.c: 119: 
   926  024F  0187               	clrf	7	;volatile
   927  0250                     l999:
   928                           
   929                           ;main.c: 120: }
   930  0250  0188               	clrf	8	;volatile
   931  0251                     l1001:
   932                           
   933                           ;main.c: 121: 
   934  0251  0189               	clrf	9	;volatile
   935  0252                     l1003:
   936                           
   937                           ;main.c: 123: 
   938  0252  1283               	bcf	3,5	;RP0=0, select bank0
   939  0253  1303               	bcf	3,6	;RP1=0, select bank0
   940  0254  0185               	clrf	5	;volatile
   941  0255                     l1005:
   942                           
   943                           ;main.c: 124: 
   944  0255  0187               	clrf	7	;volatile
   945  0256                     l1007:
   946                           
   947                           ;main.c: 125: 
   948  0256  0188               	clrf	8	;volatile
   949  0257                     l1009:
   950                           
   951                           ;main.c: 126: int centena(int a){
   952  0257  0189               	clrf	9	;volatile
   953  0258                     l1011:
   954                           
   955                           ;main.c: 129: }
   956  0258  1683               	bsf	3,5	;RP0=1, select bank1
   957  0259  1303               	bcf	3,6	;RP1=0, select bank1
   958  025A  170F               	bsf	15,6	;volatile
   959  025B                     l1013:
   960                           
   961                           ;main.c: 130: 
   962  025B  168F               	bsf	15,5	;volatile
   963  025C                     l1015:
   964                           
   965                           ;main.c: 131: int decena(int a){
   966  025C  120F               	bcf	15,4	;volatile
   967  025D                     l1017:
   968                           
   969                           ;main.c: 132:     int cent = a/100;
   970  025D  140F               	bsf	15,0	;volatile
   971  025E                     l1019:
   972                           
   973                           ;main.c: 135:     int dec = a/10;
   974  025E  1281               	bcf	1,5	;volatile
   975  025F                     l1021:
   976                           
   977                           ;main.c: 136:     return dec;
   978  025F  1181               	bcf	1,3	;volatile
   979  0260                     l1023:
   980                           
   981                           ;main.c: 137: }
   982  0260  1501               	bsf	1,2	;volatile
   983  0261                     l1025:
   984                           
   985                           ;main.c: 138: 
   986  0261  1081               	bcf	1,1	;volatile
   987  0262                     l1027:
   988                           
   989                           ;main.c: 139: int unidad(int a){
   990  0262  1401               	bsf	1,0	;volatile
   991                           
   992                           ;main.c: 140:     int cent = a/100;
   993  0263  30B2               	movlw	178
   994  0264  1283               	bcf	3,5	;RP0=0, select bank0
   995  0265  1303               	bcf	3,6	;RP1=0, select bank0
   996  0266  0081               	movwf	1	;volatile
   997  0267                     l1029:
   998                           
   999                           ;main.c: 143:     int dec = a/10;
  1000  0267  110B               	bcf	11,2	;volatile
  1001  0268                     l1031:
  1002                           
  1003                           ;main.c: 144:     dec = dec * 10;
  1004  0268  168B               	bsf	11,5	;volatile
  1005  0269                     l1033:
  1006                           
  1007                           ;main.c: 145:     int un = a-dec;
  1008  0269  158B               	bsf	11,3	;volatile
  1009  026A                     l1035:
  1010                           
  1011                           ;main.c: 146:     return un;
  1012  026A  100B               	bcf	11,0	;volatile
  1013  026B                     l1037:
  1014                           
  1015                           ;main.c: 147: }
  1016  026B  178B               	bsf	11,7	;volatile
  1017  026C                     l1039:
  1018                           
  1019                           ;main.c: 150:     int display;
  1020  026C  1683               	bsf	3,5	;RP0=1, select bank1
  1021  026D  1303               	bcf	3,6	;RP1=0, select bank1
  1022  026E  1381               	bcf	1,7	;volatile
  1023  026F                     l1041:
  1024                           
  1025                           ;main.c: 151:     switch(a){
  1026  026F  1415               	bsf	21,0	;volatile
  1027  0270                     l1043:
  1028                           
  1029                           ;main.c: 152:         case 0:
  1030  0270  1495               	bsf	21,1	;volatile
  1031  0271                     l1045:
  1032                           
  1033                           ;main.c: 155:         case 1:
  1034  0271  1416               	bsf	22,0	;volatile
  1035  0272                     l1047:
  1036                           
  1037                           ;main.c: 156:             display = 0x06;
  1038  0272  1496               	bsf	22,1	;volatile
  1039  0273                     l79:
  1040  0273  0008               	return
  1041  0274                     __end_of_setup:
  1042                           
  1043                           	psect	text4
  1044  01FE                     __ptext4:	
  1045 ;; *************** function _decena *****************
  1046 ;; Defined at:
  1047 ;;		line 169 in file "main.c"
  1048 ;; Parameters:    Size  Location     Type
  1049 ;;  a               2    4[BANK0 ] int 
  1050 ;; Auto vars:     Size  Location     Type
  1051 ;;  cent            2    8[BANK0 ] int 
  1052 ;;  dec             2    6[BANK0 ] int 
  1053 ;; Return value:  Size  Location     Type
  1054 ;;                  2    4[BANK0 ] int 
  1055 ;; Registers used:
  1056 ;;		wreg, status,2, status,0, pclath, cstack
  1057 ;; Tracked objects:
  1058 ;;		On entry : 0/0
  1059 ;;		On exit  : 0/0
  1060 ;;		Unchanged: 0/0
  1061 ;; Data sizes:     COMMON   BANK0   BANK1   BANK3   BANK2
  1062 ;;      Params:         0       2       0       0       0
  1063 ;;      Locals:         0       4       0       0       0
  1064 ;;      Temps:          0       0       0       0       0
  1065 ;;      Totals:         0       6       0       0       0
  1066 ;;Total ram usage:        6 bytes
  1067 ;; Hardware stack levels used:    1
  1068 ;; Hardware stack levels required when called:    2
  1069 ;; This function calls:
  1070 ;;		___awdiv
  1071 ;;		___wmul
  1072 ;; This function is called by:
  1073 ;;		_main
  1074 ;; This function uses a non-reentrant model
  1075 ;;
  1076                           
  1077                           
  1078                           ;psect for function _decena
  1079  01FE                     _decena:
  1080  01FE                     l1181:	
  1081                           ;incstack = 0
  1082                           ; Regs used in _decena: [wreg+status,2+status,0+pclath+cstack]
  1083                           
  1084                           
  1085                           ;main.c: 170:         case 6:
  1086  01FE  3064               	movlw	100
  1087  01FF  00F3               	movwf	___awdiv@divisor
  1088  0200  3000               	movlw	0
  1089  0201  00F4               	movwf	___awdiv@divisor+1
  1090  0202  1283               	bcf	3,5	;RP0=0, select bank0
  1091  0203  1303               	bcf	3,6	;RP1=0, select bank0
  1092  0204  0825               	movf	decena@a+1,w
  1093  0205  00F6               	movwf	___awdiv@dividend+1
  1094  0206  0824               	movf	decena@a,w
  1095  0207  00F5               	movwf	___awdiv@dividend
  1096  0208  120A  118A  2083  120A  118A  	fcall	___awdiv
  1097  020D  0874               	movf	?___awdiv+1,w
  1098  020E  1283               	bcf	3,5	;RP0=0, select bank0
  1099  020F  1303               	bcf	3,6	;RP1=0, select bank0
  1100  0210  00A9               	movwf	decena@cent+1
  1101  0211  0873               	movf	?___awdiv,w
  1102  0212  00A8               	movwf	decena@cent
  1103                           
  1104                           ;main.c: 171:             display = 0x7D;
  1105  0213  0829               	movf	decena@cent+1,w
  1106  0214  00F4               	movwf	___wmul@multiplier+1
  1107  0215  0828               	movf	decena@cent,w
  1108  0216  00F3               	movwf	___wmul@multiplier
  1109  0217  3064               	movlw	100
  1110  0218  00F5               	movwf	___wmul@multiplicand
  1111  0219  3000               	movlw	0
  1112  021A  00F6               	movwf	___wmul@multiplicand+1
  1113  021B  120A  118A  2274  120A  118A  	fcall	___wmul
  1114  0220  0874               	movf	?___wmul+1,w
  1115  0221  1283               	bcf	3,5	;RP0=0, select bank0
  1116  0222  1303               	bcf	3,6	;RP1=0, select bank0
  1117  0223  00A9               	movwf	decena@cent+1
  1118  0224  0873               	movf	?___wmul,w
  1119  0225  00A8               	movwf	decena@cent
  1120  0226                     l1183:
  1121                           
  1122                           ;main.c: 172:             break;
  1123  0226  0828               	movf	decena@cent,w
  1124  0227  0224               	subwf	decena@a,w
  1125  0228  00A4               	movwf	decena@a
  1126  0229  0829               	movf	decena@cent+1,w
  1127  022A  1C03               	skipc
  1128  022B  0A29               	incf	decena@cent+1,w
  1129  022C  0225               	subwf	decena@a+1,w
  1130  022D  00A5               	movwf	decena@a+1
  1131  022E                     l1185:
  1132                           
  1133                           ;main.c: 173:         case 7:
  1134  022E  300A               	movlw	10
  1135  022F  00F3               	movwf	___awdiv@divisor
  1136  0230  3000               	movlw	0
  1137  0231  00F4               	movwf	___awdiv@divisor+1
  1138  0232  0825               	movf	decena@a+1,w
  1139  0233  00F6               	movwf	___awdiv@dividend+1
  1140  0234  0824               	movf	decena@a,w
  1141  0235  00F5               	movwf	___awdiv@dividend
  1142  0236  120A  118A  2083  120A  118A  	fcall	___awdiv
  1143  023B  0874               	movf	?___awdiv+1,w
  1144  023C  1283               	bcf	3,5	;RP0=0, select bank0
  1145  023D  1303               	bcf	3,6	;RP1=0, select bank0
  1146  023E  00A7               	movwf	decena@dec+1
  1147  023F  0873               	movf	?___awdiv,w
  1148  0240  00A6               	movwf	decena@dec
  1149  0241                     l1187:
  1150                           
  1151                           ;main.c: 174:             display = 0x07;
  1152  0241  0827               	movf	decena@dec+1,w
  1153  0242  00A5               	movwf	?_decena+1
  1154  0243  0826               	movf	decena@dec,w
  1155  0244  00A4               	movwf	?_decena
  1156  0245                     l85:
  1157  0245  0008               	return
  1158  0246                     __end_of_decena:
  1159                           
  1160                           	psect	text5
  1161  0274                     __ptext5:	
  1162 ;; *************** function ___wmul *****************
  1163 ;; Defined at:
  1164 ;;		line 15 in file "C:\Program Files\Microchip\xc8\v2.31\pic\sources\c90\common\Umul16.c"
  1165 ;; Parameters:    Size  Location     Type
  1166 ;;  multiplier      2    3[COMMON] unsigned int 
  1167 ;;  multiplicand    2    5[COMMON] unsigned int 
  1168 ;; Auto vars:     Size  Location     Type
  1169 ;;  product         2    7[COMMON] unsigned int 
  1170 ;; Return value:  Size  Location     Type
  1171 ;;                  2    3[COMMON] unsigned int 
  1172 ;; Registers used:
  1173 ;;		wreg, status,2, status,0
  1174 ;; Tracked objects:
  1175 ;;		On entry : 0/0
  1176 ;;		On exit  : 0/0
  1177 ;;		Unchanged: 0/0
  1178 ;; Data sizes:     COMMON   BANK0   BANK1   BANK3   BANK2
  1179 ;;      Params:         4       0       0       0       0
  1180 ;;      Locals:         2       0       0       0       0
  1181 ;;      Temps:          0       0       0       0       0
  1182 ;;      Totals:         6       0       0       0       0
  1183 ;;Total ram usage:        6 bytes
  1184 ;; Hardware stack levels used:    1
  1185 ;; Hardware stack levels required when called:    1
  1186 ;; This function calls:
  1187 ;;		Nothing
  1188 ;; This function is called by:
  1189 ;;		_decena
  1190 ;;		_unidad
  1191 ;; This function uses a non-reentrant model
  1192 ;;
  1193                           
  1194                           
  1195                           ;psect for function ___wmul
  1196  0274                     ___wmul:
  1197  0274                     l935:	
  1198                           ;incstack = 0
  1199                           ; Regs used in ___wmul: [wreg+status,2+status,0]
  1200                           
  1201  0274  01F7               	clrf	___wmul@product
  1202  0275  01F8               	clrf	___wmul@product+1
  1203  0276                     l937:
  1204  0276  1C73               	btfss	___wmul@multiplier,0
  1205  0277  2A79               	goto	u221
  1206  0278  2A7A               	goto	u220
  1207  0279                     u221:
  1208  0279  2A80               	goto	l189
  1209  027A                     u220:
  1210  027A                     l939:
  1211  027A  0875               	movf	___wmul@multiplicand,w
  1212  027B  07F7               	addwf	___wmul@product,f
  1213  027C  1803               	skipnc
  1214  027D  0AF8               	incf	___wmul@product+1,f
  1215  027E  0876               	movf	___wmul@multiplicand+1,w
  1216  027F  07F8               	addwf	___wmul@product+1,f
  1217  0280                     l189:
  1218  0280  3001               	movlw	1
  1219  0281                     u235:
  1220  0281  1003               	clrc
  1221  0282  0DF5               	rlf	___wmul@multiplicand,f
  1222  0283  0DF6               	rlf	___wmul@multiplicand+1,f
  1223  0284  3EFF               	addlw	-1
  1224  0285  1D03               	skipz
  1225  0286  2A81               	goto	u235
  1226  0287                     l941:
  1227  0287  3001               	movlw	1
  1228  0288                     u245:
  1229  0288  1003               	clrc
  1230  0289  0CF4               	rrf	___wmul@multiplier+1,f
  1231  028A  0CF3               	rrf	___wmul@multiplier,f
  1232  028B  3EFF               	addlw	-1
  1233  028C  1D03               	skipz
  1234  028D  2A88               	goto	u245
  1235  028E                     l943:
  1236  028E  0873               	movf	___wmul@multiplier,w
  1237  028F  0474               	iorwf	___wmul@multiplier+1,w
  1238  0290  1D03               	btfss	3,2
  1239  0291  2A93               	goto	u251
  1240  0292  2A94               	goto	u250
  1241  0293                     u251:
  1242  0293  2A76               	goto	l937
  1243  0294                     u250:
  1244  0294                     l945:
  1245  0294  0878               	movf	___wmul@product+1,w
  1246  0295  00F4               	movwf	?___wmul+1
  1247  0296  0877               	movf	___wmul@product,w
  1248  0297  00F3               	movwf	?___wmul
  1249  0298                     l191:
  1250  0298  0008               	return
  1251  0299                     __end_of___wmul:
  1252                           
  1253                           	psect	text6
  1254  0299                     __ptext6:	
  1255 ;; *************** function _centena *****************
  1256 ;; Defined at:
  1257 ;;		line 164 in file "main.c"
  1258 ;; Parameters:    Size  Location     Type
  1259 ;;  a               2    4[BANK0 ] int 
  1260 ;; Auto vars:     Size  Location     Type
  1261 ;;  b               2    6[BANK0 ] int 
  1262 ;; Return value:  Size  Location     Type
  1263 ;;                  2    4[BANK0 ] int 
  1264 ;; Registers used:
  1265 ;;		wreg, status,2, status,0, pclath, cstack
  1266 ;; Tracked objects:
  1267 ;;		On entry : 0/0
  1268 ;;		On exit  : 0/0
  1269 ;;		Unchanged: 0/0
  1270 ;; Data sizes:     COMMON   BANK0   BANK1   BANK3   BANK2
  1271 ;;      Params:         0       2       0       0       0
  1272 ;;      Locals:         0       2       0       0       0
  1273 ;;      Temps:          0       0       0       0       0
  1274 ;;      Totals:         0       4       0       0       0
  1275 ;;Total ram usage:        4 bytes
  1276 ;; Hardware stack levels used:    1
  1277 ;; Hardware stack levels required when called:    2
  1278 ;; This function calls:
  1279 ;;		___awdiv
  1280 ;; This function is called by:
  1281 ;;		_main
  1282 ;; This function uses a non-reentrant model
  1283 ;;
  1284                           
  1285                           
  1286                           ;psect for function _centena
  1287  0299                     _centena:
  1288  0299                     l1175:	
  1289                           ;incstack = 0
  1290                           ; Regs used in _centena: [wreg+status,2+status,0+pclath+cstack]
  1291                           
  1292                           
  1293                           ;main.c: 165:             display = 0x66;
  1294  0299  3064               	movlw	100
  1295  029A  00F3               	movwf	___awdiv@divisor
  1296  029B  3000               	movlw	0
  1297  029C  00F4               	movwf	___awdiv@divisor+1
  1298  029D  1283               	bcf	3,5	;RP0=0, select bank0
  1299  029E  1303               	bcf	3,6	;RP1=0, select bank0
  1300  029F  0825               	movf	centena@a+1,w
  1301  02A0  00F6               	movwf	___awdiv@dividend+1
  1302  02A1  0824               	movf	centena@a,w
  1303  02A2  00F5               	movwf	___awdiv@dividend
  1304  02A3  120A  118A  2083  120A  118A  	fcall	___awdiv
  1305  02A8  0874               	movf	?___awdiv+1,w
  1306  02A9  1283               	bcf	3,5	;RP0=0, select bank0
  1307  02AA  1303               	bcf	3,6	;RP1=0, select bank0
  1308  02AB  00A7               	movwf	centena@b+1
  1309  02AC  0873               	movf	?___awdiv,w
  1310  02AD  00A6               	movwf	centena@b
  1311  02AE                     l1177:
  1312                           
  1313                           ;main.c: 166:             break;
  1314  02AE  0827               	movf	centena@b+1,w
  1315  02AF  00A5               	movwf	?_centena+1
  1316  02B0  0826               	movf	centena@b,w
  1317  02B1  00A4               	movwf	?_centena
  1318  02B2                     l82:
  1319  02B2  0008               	return
  1320  02B3                     __end_of_centena:
  1321                           
  1322                           	psect	text7
  1323  0083                     __ptext7:	
  1324 ;; *************** function ___awdiv *****************
  1325 ;; Defined at:
  1326 ;;		line 5 in file "C:\Program Files\Microchip\xc8\v2.31\pic\sources\c90\common\awdiv.c"
  1327 ;; Parameters:    Size  Location     Type
  1328 ;;  divisor         2    3[COMMON] int 
  1329 ;;  dividend        2    5[COMMON] int 
  1330 ;; Auto vars:     Size  Location     Type
  1331 ;;  quotient        2    2[BANK0 ] int 
  1332 ;;  sign            1    1[BANK0 ] unsigned char 
  1333 ;;  counter         1    0[BANK0 ] unsigned char 
  1334 ;; Return value:  Size  Location     Type
  1335 ;;                  2    3[COMMON] int 
  1336 ;; Registers used:
  1337 ;;		wreg, status,2, status,0
  1338 ;; Tracked objects:
  1339 ;;		On entry : 0/0
  1340 ;;		On exit  : 0/0
  1341 ;;		Unchanged: 0/0
  1342 ;; Data sizes:     COMMON   BANK0   BANK1   BANK3   BANK2
  1343 ;;      Params:         4       0       0       0       0
  1344 ;;      Locals:         0       4       0       0       0
  1345 ;;      Temps:          1       0       0       0       0
  1346 ;;      Totals:         5       4       0       0       0
  1347 ;;Total ram usage:        9 bytes
  1348 ;; Hardware stack levels used:    1
  1349 ;; Hardware stack levels required when called:    1
  1350 ;; This function calls:
  1351 ;;		Nothing
  1352 ;; This function is called by:
  1353 ;;		_centena
  1354 ;;		_decena
  1355 ;;		_unidad
  1356 ;; This function uses a non-reentrant model
  1357 ;;
  1358                           
  1359                           
  1360                           ;psect for function ___awdiv
  1361  0083                     ___awdiv:
  1362  0083                     l949:	
  1363                           ;incstack = 0
  1364                           ; Regs used in ___awdiv: [wreg+status,2+status,0]
  1365                           
  1366  0083  1283               	bcf	3,5	;RP0=0, select bank0
  1367  0084  1303               	bcf	3,6	;RP1=0, select bank0
  1368  0085  01A1               	clrf	___awdiv@sign
  1369  0086                     l951:
  1370  0086  1FF4               	btfss	___awdiv@divisor+1,7
  1371  0087  2889               	goto	u261
  1372  0088  288A               	goto	u260
  1373  0089                     u261:
  1374  0089  2891               	goto	l957
  1375  008A                     u260:
  1376  008A                     l953:
  1377  008A  09F3               	comf	___awdiv@divisor,f
  1378  008B  09F4               	comf	___awdiv@divisor+1,f
  1379  008C  0AF3               	incf	___awdiv@divisor,f
  1380  008D  1903               	skipnz
  1381  008E  0AF4               	incf	___awdiv@divisor+1,f
  1382  008F                     l955:
  1383  008F  01A1               	clrf	___awdiv@sign
  1384  0090  0AA1               	incf	___awdiv@sign,f
  1385  0091                     l957:
  1386  0091  1FF6               	btfss	___awdiv@dividend+1,7
  1387  0092  2894               	goto	u271
  1388  0093  2895               	goto	u270
  1389  0094                     u271:
  1390  0094  289E               	goto	l963
  1391  0095                     u270:
  1392  0095                     l959:
  1393  0095  09F5               	comf	___awdiv@dividend,f
  1394  0096  09F6               	comf	___awdiv@dividend+1,f
  1395  0097  0AF5               	incf	___awdiv@dividend,f
  1396  0098  1903               	skipnz
  1397  0099  0AF6               	incf	___awdiv@dividend+1,f
  1398  009A                     l961:
  1399  009A  3001               	movlw	1
  1400  009B  00F7               	movwf	??___awdiv
  1401  009C  0877               	movf	??___awdiv,w
  1402  009D  06A1               	xorwf	___awdiv@sign,f
  1403  009E                     l963:
  1404  009E  01A2               	clrf	___awdiv@quotient
  1405  009F  01A3               	clrf	___awdiv@quotient+1
  1406  00A0                     l965:
  1407  00A0  0873               	movf	___awdiv@divisor,w
  1408  00A1  0474               	iorwf	___awdiv@divisor+1,w
  1409  00A2  1903               	btfsc	3,2
  1410  00A3  28A5               	goto	u281
  1411  00A4  28A6               	goto	u280
  1412  00A5                     u281:
  1413  00A5  28DD               	goto	l985
  1414  00A6                     u280:
  1415  00A6                     l967:
  1416  00A6  01A0               	clrf	___awdiv@counter
  1417  00A7  0AA0               	incf	___awdiv@counter,f
  1418  00A8  28B4               	goto	l973
  1419  00A9                     l969:
  1420  00A9  3001               	movlw	1
  1421  00AA                     u295:
  1422  00AA  1003               	clrc
  1423  00AB  0DF3               	rlf	___awdiv@divisor,f
  1424  00AC  0DF4               	rlf	___awdiv@divisor+1,f
  1425  00AD  3EFF               	addlw	-1
  1426  00AE  1D03               	skipz
  1427  00AF  28AA               	goto	u295
  1428  00B0                     l971:
  1429  00B0  3001               	movlw	1
  1430  00B1  00F7               	movwf	??___awdiv
  1431  00B2  0877               	movf	??___awdiv,w
  1432  00B3  07A0               	addwf	___awdiv@counter,f
  1433  00B4                     l973:
  1434  00B4  1FF4               	btfss	___awdiv@divisor+1,7
  1435  00B5  28B7               	goto	u301
  1436  00B6  28B8               	goto	u300
  1437  00B7                     u301:
  1438  00B7  28A9               	goto	l969
  1439  00B8                     u300:
  1440  00B8                     l975:
  1441  00B8  3001               	movlw	1
  1442  00B9                     u315:
  1443  00B9  1003               	clrc
  1444  00BA  0DA2               	rlf	___awdiv@quotient,f
  1445  00BB  0DA3               	rlf	___awdiv@quotient+1,f
  1446  00BC  3EFF               	addlw	-1
  1447  00BD  1D03               	skipz
  1448  00BE  28B9               	goto	u315
  1449  00BF  0874               	movf	___awdiv@divisor+1,w
  1450  00C0  0276               	subwf	___awdiv@dividend+1,w
  1451  00C1  1D03               	skipz
  1452  00C2  28C5               	goto	u325
  1453  00C3  0873               	movf	___awdiv@divisor,w
  1454  00C4  0275               	subwf	___awdiv@dividend,w
  1455  00C5                     u325:
  1456  00C5  1C03               	skipc
  1457  00C6  28C8               	goto	u321
  1458  00C7  28C9               	goto	u320
  1459  00C8                     u321:
  1460  00C8  28D0               	goto	l981
  1461  00C9                     u320:
  1462  00C9                     l977:
  1463  00C9  0873               	movf	___awdiv@divisor,w
  1464  00CA  02F5               	subwf	___awdiv@dividend,f
  1465  00CB  0874               	movf	___awdiv@divisor+1,w
  1466  00CC  1C03               	skipc
  1467  00CD  03F6               	decf	___awdiv@dividend+1,f
  1468  00CE  02F6               	subwf	___awdiv@dividend+1,f
  1469  00CF                     l979:
  1470  00CF  1422               	bsf	___awdiv@quotient,0
  1471  00D0                     l981:
  1472  00D0  3001               	movlw	1
  1473  00D1                     u335:
  1474  00D1  1003               	clrc
  1475  00D2  0CF4               	rrf	___awdiv@divisor+1,f
  1476  00D3  0CF3               	rrf	___awdiv@divisor,f
  1477  00D4  3EFF               	addlw	-1
  1478  00D5  1D03               	skipz
  1479  00D6  28D1               	goto	u335
  1480  00D7                     l983:
  1481  00D7  3001               	movlw	1
  1482  00D8  02A0               	subwf	___awdiv@counter,f
  1483  00D9  1D03               	btfss	3,2
  1484  00DA  28DC               	goto	u341
  1485  00DB  28DD               	goto	u340
  1486  00DC                     u341:
  1487  00DC  28B8               	goto	l975
  1488  00DD                     u340:
  1489  00DD                     l985:
  1490  00DD  0821               	movf	___awdiv@sign,w
  1491  00DE  1903               	btfsc	3,2
  1492  00DF  28E1               	goto	u351
  1493  00E0  28E2               	goto	u350
  1494  00E1                     u351:
  1495  00E1  28E7               	goto	l989
  1496  00E2                     u350:
  1497  00E2                     l987:
  1498  00E2  09A2               	comf	___awdiv@quotient,f
  1499  00E3  09A3               	comf	___awdiv@quotient+1,f
  1500  00E4  0AA2               	incf	___awdiv@quotient,f
  1501  00E5  1903               	skipnz
  1502  00E6  0AA3               	incf	___awdiv@quotient+1,f
  1503  00E7                     l989:
  1504  00E7  0823               	movf	___awdiv@quotient+1,w
  1505  00E8  00F4               	movwf	?___awdiv+1
  1506  00E9  0822               	movf	___awdiv@quotient,w
  1507  00EA  00F3               	movwf	?___awdiv
  1508  00EB                     l342:
  1509  00EB  0008               	return
  1510  00EC                     __end_of___awdiv:
  1511                           
  1512                           	psect	text8
  1513  01AC                     __ptext8:	
  1514 ;; *************** function _Interrupciones *****************
  1515 ;; Defined at:
  1516 ;;		line 56 in file "main.c"
  1517 ;; Parameters:    Size  Location     Type
  1518 ;;		None
  1519 ;; Auto vars:     Size  Location     Type
  1520 ;;		None
  1521 ;; Return value:  Size  Location     Type
  1522 ;;                  1    wreg      void 
  1523 ;; Registers used:
  1524 ;;		wreg, status,2, status,0
  1525 ;; Tracked objects:
  1526 ;;		On entry : 0/0
  1527 ;;		On exit  : 0/0
  1528 ;;		Unchanged: 0/0
  1529 ;; Data sizes:     COMMON   BANK0   BANK1   BANK3   BANK2
  1530 ;;      Params:         0       0       0       0       0
  1531 ;;      Locals:         0       0       0       0       0
  1532 ;;      Temps:          3       0       0       0       0
  1533 ;;      Totals:         3       0       0       0       0
  1534 ;;Total ram usage:        3 bytes
  1535 ;; Hardware stack levels used:    1
  1536 ;; This function calls:
  1537 ;;		Nothing
  1538 ;; This function is called by:
  1539 ;;		Interrupt level 1
  1540 ;; This function uses a non-reentrant model
  1541 ;;
  1542                           
  1543                           
  1544                           ;psect for function _Interrupciones
  1545  01AC                     _Interrupciones:
  1546  01AC                     i1l1113:
  1547                           
  1548                           ;main.c: 57:     while(1){
  1549  01AC  1C0B               	btfss	11,0	;volatile
  1550  01AD  29AF               	goto	u36_21
  1551  01AE  29B0               	goto	u36_20
  1552  01AF                     u36_21:
  1553  01AF  29C1               	goto	i1l1125
  1554  01B0                     u36_20:
  1555  01B0                     i1l1115:
  1556                           
  1557                           ;main.c: 58:         int cent, dec, un;
  1558  01B0  1283               	bcf	3,5	;RP0=0, select bank0
  1559  01B1  1303               	bcf	3,6	;RP1=0, select bank0
  1560  01B2  1806               	btfsc	6,0	;volatile
  1561  01B3  29B5               	goto	u37_21
  1562  01B4  29B6               	goto	u37_20
  1563  01B5                     u37_21:
  1564  01B5  29BA               	goto	i1l1119
  1565  01B6                     u37_20:
  1566  01B6                     i1l1117:
  1567                           
  1568                           ;main.c: 59:         cent = centena(PORTD);
  1569  01B6  3001               	movlw	1
  1570  01B7  00F0               	movwf	??_Interrupciones
  1571  01B8  0870               	movf	??_Interrupciones,w
  1572  01B9  0788               	addwf	8,f	;volatile
  1573  01BA                     i1l1119:
  1574                           
  1575                           ;main.c: 60:         dec = decena(PORTD);
  1576  01BA  1886               	btfsc	6,1	;volatile
  1577  01BB  29BD               	goto	u38_21
  1578  01BC  29BE               	goto	u38_20
  1579  01BD                     u38_21:
  1580  01BD  29C0               	goto	i1l1123
  1581  01BE                     u38_20:
  1582  01BE                     i1l1121:
  1583                           
  1584                           ;main.c: 61:         un = unidad(PORTD);
  1585  01BE  3001               	movlw	1
  1586  01BF  0288               	subwf	8,f	;volatile
  1587  01C0                     i1l1123:
  1588                           
  1589                           ;main.c: 62: 
  1590  01C0  100B               	bcf	11,0	;volatile
  1591  01C1                     i1l1125:
  1592                           
  1593                           ;main.c: 64:         display2 = valor(dec);
  1594  01C1  1D0B               	btfss	11,2	;volatile
  1595  01C2  29C4               	goto	u39_21
  1596  01C3  29C5               	goto	u39_20
  1597  01C4                     u39_21:
  1598  01C4  29F7               	goto	i1l68
  1599  01C5                     u39_20:
  1600  01C5                     i1l1127:
  1601                           
  1602                           ;main.c: 65:         display3 = valor(un);
  1603  01C5  30B2               	movlw	178
  1604  01C6  1283               	bcf	3,5	;RP0=0, select bank0
  1605  01C7  1303               	bcf	3,6	;RP1=0, select bank0
  1606  01C8  0081               	movwf	1	;volatile
  1607  01C9                     i1l1129:
  1608                           
  1609                           ;main.c: 66:     }
  1610  01C9  110B               	bcf	11,2	;volatile
  1611  01CA                     i1l1131:
  1612                           
  1613                           ;main.c: 67: 
  1614  01CA  0189               	clrf	9	;volatile
  1615  01CB                     i1l1133:
  1616                           
  1617                           ;main.c: 69: 
  1618  01CB  0879               	movf	_d,w
  1619  01CC  047A               	iorwf	_d+1,w
  1620  01CD  1D03               	btfss	3,2
  1621  01CE  29D0               	goto	u40_21
  1622  01CF  29D1               	goto	u40_20
  1623  01D0                     u40_21:
  1624  01D0  29DA               	goto	i1l1137
  1625  01D1                     u40_20:
  1626  01D1                     i1l1135:
  1627                           
  1628                           ;main.c: 70: 
  1629  01D1  0838               	movf	_display1,w
  1630  01D2  0087               	movwf	7	;volatile
  1631                           
  1632                           ;main.c: 71: 
  1633  01D3  3001               	movlw	1
  1634  01D4  0089               	movwf	9	;volatile
  1635                           
  1636                           ;main.c: 72: 
  1637  01D5  3001               	movlw	1
  1638  01D6  00F9               	movwf	_d
  1639  01D7  3000               	movlw	0
  1640  01D8  00FA               	movwf	_d+1
  1641                           
  1642                           ;main.c: 73: 
  1643  01D9  29F7               	goto	i1l68
  1644  01DA                     i1l1137:
  1645  01DA  0379               	decf	_d,w
  1646  01DB  047A               	iorwf	_d+1,w
  1647  01DC  1D03               	btfss	3,2
  1648  01DD  29DF               	goto	u41_21
  1649  01DE  29E0               	goto	u41_20
  1650  01DF                     u41_21:
  1651  01DF  29E9               	goto	i1l1141
  1652  01E0                     u41_20:
  1653  01E0                     i1l1139:
  1654                           
  1655                           ;main.c: 75: 
  1656  01E0  0836               	movf	_display2,w
  1657  01E1  0087               	movwf	7	;volatile
  1658                           
  1659                           ;main.c: 76:     ANSEL = 0x00;
  1660  01E2  3002               	movlw	2
  1661  01E3  0089               	movwf	9	;volatile
  1662                           
  1663                           ;main.c: 77:     ANSELH = 0x00;
  1664  01E4  3002               	movlw	2
  1665  01E5  00F9               	movwf	_d
  1666  01E6  3000               	movlw	0
  1667  01E7  00FA               	movwf	_d+1
  1668                           
  1669                           ;main.c: 78: 
  1670  01E8  29F7               	goto	i1l68
  1671  01E9                     i1l1141:
  1672  01E9  3002               	movlw	2
  1673  01EA  0679               	xorwf	_d,w
  1674  01EB  047A               	iorwf	_d+1,w
  1675  01EC  1D03               	btfss	3,2
  1676  01ED  29EF               	goto	u42_21
  1677  01EE  29F0               	goto	u42_20
  1678  01EF                     u42_21:
  1679  01EF  29F7               	goto	i1l64
  1680  01F0                     u42_20:
  1681  01F0                     i1l1143:
  1682                           
  1683                           ;main.c: 80:     TRISB = 0xFF;
  1684  01F0  0834               	movf	_display3,w
  1685  01F1  0087               	movwf	7	;volatile
  1686                           
  1687                           ;main.c: 81:     TRISC = 0x00;
  1688  01F2  3004               	movlw	4
  1689  01F3  0089               	movwf	9	;volatile
  1690  01F4                     i1l1145:
  1691                           
  1692                           ;main.c: 82:     TRISD = 0x00;
  1693  01F4  01F9               	clrf	_d
  1694  01F5  01FA               	clrf	_d+1
  1695  01F6  29F7               	goto	i1l68
  1696  01F7                     i1l64:
  1697  01F7                     i1l68:
  1698  01F7  0872               	movf	??_Interrupciones+2,w
  1699  01F8  008A               	movwf	10
  1700  01F9  0E71               	swapf	??_Interrupciones+1,w
  1701  01FA  0083               	movwf	3
  1702  01FB  0EFE               	swapf	btemp,f
  1703  01FC  0E7E               	swapf	btemp,w
  1704  01FD  0009               	retfie
  1705  01FE                     __end_of_Interrupciones:
  1706  007E                     btemp	set	126	;btemp
  1707  007E                     wtemp0	set	126
  1708                           
  1709                           	psect	intentry
  1710  0004                     __pintentry:	
  1711                           ;incstack = 0
  1712                           ; Regs used in _Interrupciones: [wreg+status,2+status,0]
  1713                           
  1714  0004                     interrupt_function:
  1715  007E                     saved_w	set	btemp
  1716  0004  00FE               	movwf	btemp
  1717  0005  0E03               	swapf	3,w
  1718  0006  00F1               	movwf	??_Interrupciones+1
  1719  0007  080A               	movf	10,w
  1720  0008  00F2               	movwf	??_Interrupciones+2
  1721  0009  120A  118A  29AC   	ljmp	_Interrupciones
  1722                           
  1723                           	psect	config
  1724                           
  1725                           ;Config register CONFIG1 @ 0x2007
  1726                           ;	Oscillator Selection bits
  1727                           ;	FOSC = INTRC_CLKOUT, INTOSC oscillator: CLKOUT function on RA6/OSC2/CLKOUT pin, I/O fu
      +                          nction on RA7/OSC1/CLKIN
  1728                           ;	Watchdog Timer Enable bit
  1729                           ;	WDTE = OFF, WDT disabled and can be enabled by SWDTEN bit of the WDTCON register
  1730                           ;	Power-up Timer Enable bit
  1731                           ;	PWRTE = OFF, PWRT disabled
  1732                           ;	RE3/MCLR pin function select bit
  1733                           ;	MCLRE = OFF, RE3/MCLR pin function is digital input, MCLR internally tied to VDD
  1734                           ;	Code Protection bit
  1735                           ;	CP = OFF, Program memory code protection is disabled
  1736                           ;	Data Code Protection bit
  1737                           ;	CPD = OFF, Data memory code protection is disabled
  1738                           ;	Brown Out Reset Selection bits
  1739                           ;	BOREN = OFF, BOR disabled
  1740                           ;	Internal External Switchover bit
  1741                           ;	IESO = OFF, Internal/External Switchover mode is disabled
  1742                           ;	Fail-Safe Clock Monitor Enabled bit
  1743                           ;	FCMEN = OFF, Fail-Safe Clock Monitor is disabled
  1744                           ;	Low Voltage Programming Enable bit
  1745                           ;	LVP = ON, RB3/PGM pin has PGM function, low voltage programming enabled
  1746                           ;	In-Circuit Debugger Mode bit
  1747                           ;	DEBUG = 0x1, unprogrammed default
  1748  2007                     	org	8199
  1749  2007  30D5               	dw	12501
  1750                           
  1751                           ;Config register CONFIG2 @ 0x2008
  1752                           ;	Brown-out Reset Selection bit
  1753                           ;	BOR4V = BOR40V, Brown-out Reset set to 4.0V
  1754                           ;	Flash Program Memory Self Write Enable bits
  1755                           ;	WRT = OFF, Write protection off
  1756  2008                     	org	8200
  1757  2008  3FFF               	dw	16383

Data Sizes:
    Strings     0
    Constant    0
    Data        0
    BSS         2
    Persistent  6
    Stack       0

Auto Spaces:
    Space          Size  Autos    Used
    COMMON           14      9      11
    BANK0            80     20      26
    BANK1            80      0       0
    BANK3            96      0       0
    BANK2            96      0       0

Pointer List with Targets:

    None.

Critical Paths under _main in COMMON

    _unidad->___wmul
    _decena->___wmul
    _centena->___awdiv

Critical Paths under _Interrupciones in COMMON

    None.

Critical Paths under _main in BANK0

    _main->_unidad
    _unidad->___awdiv
    _decena->___awdiv
    _centena->___awdiv

Critical Paths under _Interrupciones in BANK0

    None.

Critical Paths under _main in BANK1

    None.

Critical Paths under _Interrupciones in BANK1

    None.

Critical Paths under _main in BANK3

    None.

Critical Paths under _Interrupciones in BANK3

    None.

Critical Paths under _main in BANK2

    None.

Critical Paths under _Interrupciones in BANK2

    None.

Call Graph Tables:

 ---------------------------------------------------------------------------------
 (Depth) Function   	        Calls       Base Space   Used Autos Params    Refs
 ---------------------------------------------------------------------------------
 (0) _main                                                 8     8      0    5490
                                             12 BANK0      8     8      0
                            _centena
                             _decena
                              _setup
                             _unidad
                              _valor
 ---------------------------------------------------------------------------------
 (1) _valor                                                4     2      2     282
                                              3 COMMON     4     2      2
 ---------------------------------------------------------------------------------
 (1) _unidad                                               8     6      2    1995
                                              4 BANK0      8     6      2
                            ___awdiv
                             ___wmul
 ---------------------------------------------------------------------------------
 (1) _setup                                                0     0      0       0
 ---------------------------------------------------------------------------------
 (1) _decena                                               6     4      2    1896
                                              4 BANK0      6     4      2
                            ___awdiv
                             ___wmul
 ---------------------------------------------------------------------------------
 (2) ___wmul                                               6     2      4     548
                                              3 COMMON     6     2      4
 ---------------------------------------------------------------------------------
 (1) _centena                                              4     2      2    1215
                                              4 BANK0      4     2      2
                            ___awdiv
 ---------------------------------------------------------------------------------
 (2) ___awdiv                                              9     5      4    1060
                                              3 COMMON     5     1      4
                                              0 BANK0      4     4      0
 ---------------------------------------------------------------------------------
 Estimated maximum stack depth 2
 ---------------------------------------------------------------------------------
 (Depth) Function   	        Calls       Base Space   Used Autos Params    Refs
 ---------------------------------------------------------------------------------
 (3) _Interrupciones                                       3     3      0       0
                                              0 COMMON     3     3      0
 ---------------------------------------------------------------------------------
 Estimated maximum stack depth 3
 ---------------------------------------------------------------------------------

 Call Graph Graphs:

 _main (ROOT)
   _centena
     ___awdiv
   _decena
     ___awdiv
     ___wmul
   _setup
   _unidad
     ___awdiv
     ___wmul
   _valor

 _Interrupciones (ROOT)

 Address spaces:
Name               Size   Autos  Total    Cost      Usage
BITCOMMON            E      0       0       0        0.0%
EEDATA             100      0       0       0        0.0%
NULL                 0      0       0       0        0.0%
CODE                 0      0       0       0        0.0%
COMMON               E      9       B       1       78.6%
BITSFR0              0      0       0       1        0.0%
SFR0                 0      0       0       1        0.0%
BITSFR1              0      0       0       2        0.0%
SFR1                 0      0       0       2        0.0%
STACK                0      0       0       2        0.0%
ABS                  0      0      25       3        0.0%
BITBANK0            50      0       0       4        0.0%
BITSFR3              0      0       0       4        0.0%
SFR3                 0      0       0       4        0.0%
BANK0               50     14      1A       5       32.5%
BITSFR2              0      0       0       5        0.0%
SFR2                 0      0       0       5        0.0%
BITBANK1            50      0       0       6        0.0%
BANK1               50      0       0       7        0.0%
BITBANK3            60      0       0       8        0.0%
BANK3               60      0       0       9        0.0%
BITBANK2            60      0       0      10        0.0%
BANK2               60      0       0      11        0.0%
DATA                 0      0      25      12        0.0%


Microchip Technology PIC Macro Assembler V2.31 build 20201012212115 
Symbol Table                                                                                   Sun Apr 18 14:59:23 2021

                      _d 0079                       l73 001A                       l82 02B2  
                     l85 0245                       l79 0273                       l88 014E  
           ___awdiv@sign 0021      ___wmul@multiplicand 0075                      l103 01AB  
                    l342 00EB                      l191 0298                      l189 0280  
                    l941 0287                      l951 0086                      l943 028E  
                    l935 0274                      l961 009A                      l953 008A  
                    l945 0294                      l937 0276                      l971 00B0  
                    l963 009E                      l955 008F                      l939 027A  
                    l981 00D0                      l973 00B4                      l965 00A0  
                    l957 0091                      l949 0083                      l983 00D7  
                    l975 00B8                      l967 00A6                      l959 0095  
                    l977 00C9                      l969 00A9                      l985 00DD  
                    l993 0246                      l987 00E2                      l979 00CF  
                    l995 024D                      l989 00E7                      l997 024F  
                    l999 0250                      u300 00B8                      u220 027A  
                    u301 00B7                      u221 0279                      u320 00C9  
                    u321 00C8                      u250 0294                      u315 00B9  
                    u251 0293                      u235 0281                      u340 00DD  
                    u260 008A                      u341 00DC                      u325 00C5  
                    u261 0089                      u245 0288                      u350 00E2  
                    u270 0095                      u351 00E1                      u335 00D1  
                    u271 0094                      u280 00A6                      u281 00A5  
                    u295 00AA                     l1001 0251                     l1011 0258  
                   l1003 0252                     l1021 025F                     l1013 025B  
                   l1005 0255                     l1031 0268                     l1023 0260  
                   l1015 025C                     l1007 0256                     l1103 0182  
                   l1041 026F                     l1033 0269                     l1025 0261  
                   l1017 025D                     l1009 0257                     l1201 014A  
                   l1105 01A7                     l1043 0270                     l1035 026A  
                   l1027 0262                     l1019 025E                     l1211 0070  
                   l1045 0271                     l1037 026B                     l1029 0267  
                   l1205 0015                     l1047 0272                     l1039 026C  
                   l1207 0052                     l1233 0187                     l1081 0150  
                   l1209 0061                     l1091 0169                     l1083 0155  
                   l1181 01FE                     l1093 016E                     l1085 015A  
                   l1175 0299                     l1183 0226                     l1191 00EC  
                   l1095 0173                     l1087 015F                     l1079 014F  
                   l1177 02AE                     l1185 022E                     l1193 0114  
                   l1097 0178                     l1089 0164                     l1187 0241  
                   l1195 011C                     l1099 017D                     l1197 012F  
                   l1199 0142                     i1l64 01F7                     i1l68 01F7  
                   _TMR0 0001                     _main 0015                     btemp 007E  
                   start 000C                    ?_main 0070          __end_of___awdiv 00EC  
                  _ANSEL 0188          ___awdiv@divisor 0073          ___awdiv@counter 0020  
                  u40_20 01D1                    u40_21 01D0                    u41_20 01E0  
                  u41_21 01DF                    u42_20 01F0                    u42_21 01EF  
                  _PORTA 0005                    _PORTC 0007                    _PORTD 0008  
                  _PORTE 0009                    u36_20 01B0                    u36_21 01AF  
                  u37_20 01B6                    u37_21 01B5                    u38_20 01BE  
                  u38_21 01BD                    u39_20 01C5                    u39_21 01C4  
                  _TRISA 0085                    _TRISB 0086                    _TRISC 0087  
                  _TRISD 0088                    _TRISE 0089          __end_of_centena 02B3  
                  _valor 014F                    _setup 0246                    pclath 000A  
                  status 0003                    wtemp0 007E          __initialization 000F  
           __end_of_main 0083                   ??_main 002C         ___awdiv@dividend 0075  
                 ?_valor 0073                   ?_setup 0070                   _ANSELH 0189  
                 i1l1121 01BE                   i1l1113 01AC                   i1l1131 01CA  
                 i1l1123 01C0                   i1l1115 01B0                   i1l1141 01E9  
                 i1l1133 01CB                   i1l1117 01B6                   i1l1125 01C1  
                 i1l1143 01F0                   i1l1135 01D1                   i1l1127 01C5  
                 i1l1119 01BA                   i1l1145 01F4                   i1l1137 01DA  
                 i1l1129 01C9                   i1l1139 01E0                   ___wmul 0274  
              ??___awdiv 0077                   _decena 01FE         ___awdiv@quotient 0022  
              ??_centena 0078                   _unidad 00EC                   main@un 0032  
                 saved_w 007E                   valor@a 0073  __end_of__initialization 0011  
         __pcstackCOMMON 0070            __end_of_valor 01AC            __end_of_setup 0274  
         _OPTION_REGbits 0081                  ??_valor 0075                  ??_setup 0073  
             __pmaintext 0015                  ?___wmul 0073                  ?_decena 0024  
             __pintentry 0004                  ?_unidad 0024               decena@cent 0028  
                ___awdiv 0083          __size_of___wmul 0025          __size_of_decena 0048  
                _centena 0299                  __ptext1 014F                  __ptext2 00EC  
                __ptext3 0246                  __ptext4 01FE                  __ptext5 0274  
                __ptext6 0299                  __ptext7 0083                  __ptext8 01AC  
        __size_of_unidad 0063                  decena@a 0024  __size_of_Interrupciones 0052  
                main@dec 0030     end_of_initialization 0011                  unidad@a 0024  
              _PORTBbits 0006           __end_of___wmul 0299           __end_of_decena 0246  
         __end_of_unidad 014F      start_initialization 000F                 ??___wmul 0077  
               ??_decena 0079                 ??_unidad 0079           _Interrupciones 01AC  
            __pbssCOMMON 0079                ___latbits 0002            __pcstackBANK0 0020  
              __pnvBANK0 0034                 ?___awdiv 0073   __end_of_Interrupciones 01FE  
               ?_centena 0024                decena@dec 0026           __size_of_valor 005D  
         __size_of_setup 002E        interrupt_function 0004           ___wmul@product 0077  
               _IOCBbits 0096          ?_Interrupciones 0070        ___wmul@multiplier 0073  
               _WPUBbits 0095               unidad@cent 0028         __size_of___awdiv 0069  
       __size_of_centena 001A                 _display1 0038                 _display2 0036  
               _display3 0034            __size_of_main 006E                 centena@a 0024  
               centena@b 0026                 main@cent 002E             valor@display 0075  
              unidad@dec 002A               _INTCONbits 000B                 intlevel1 0000  
             _OSCCONbits 008F                 unidad@un 0026         ??_Interrupciones 0070  
